<?xml version="1.0" encoding="UTF-8"?>
<testng-results skipped="0" failed="0" total="1" passed="1">
  <reporter-output>
  </reporter-output>
  <suite name="Command line suite" duration-ms="2342" started-at="2018-10-03T17:03:46Z" finished-at="2018-10-03T17:03:48Z">
    <groups>
    </groups>
    <test name="Command line test" duration-ms="2342" started-at="2018-10-03T17:03:46Z" finished-at="2018-10-03T17:03:48Z">
      <class name="QuoteRunner.QuoteRunnerLauncher">
        <test-method status="PASS" signature="startLocalLog()[pri:0, instance:QuoteRunner.QuoteRunnerLauncher@7d4793a8]" name="startLocalLog" is-config="true" duration-ms="31" started-at="2018-10-03T18:03:46Z" finished-at="2018-10-03T18:03:46Z">
          <reporter-output>
          </reporter-output>
        </test-method> <!-- startLocalLog -->
        <test-method status="PASS" signature="mainLauncher()[pri:0, instance:QuoteRunner.QuoteRunnerLauncher@7d4793a8]" name="mainLauncher" duration-ms="2311" started-at="2018-10-03T18:03:46Z" finished-at="2018-10-03T18:03:48Z">
          <reporter-output>
          </reporter-output>
        </test-method> <!-- mainLauncher -->
        <test-method status="PASS" signature="endLocalLog()[pri:0, instance:QuoteRunner.QuoteRunnerLauncher@7d4793a8]" name="endLocalLog" is-config="true" duration-ms="0" started-at="2018-10-03T18:03:48Z" finished-at="2018-10-03T18:03:48Z">
          <reporter-output>
          </reporter-output>
        </test-method> <!-- endLocalLog -->
      </class> <!-- QuoteRunner.QuoteRunnerLauncher -->
    </test> <!-- Command line test -->
  </suite> <!-- Command line suite -->
</testng-results>
